-------------------------------------------------------------------------------
Test set: com.example.SpringRestAPI.SpringRestApiApplicationTests
-------------------------------------------------------------------------------
Tests run: 1, Failures: 0, Errors: 1, Skipped: 0, Time elapsed: 1.459 s <<< FAILURE! - in com.example.SpringRestAPI.SpringRestApiApplicationTests
contextLoads  Time elapsed: 0.001 s  <<< ERROR!
java.lang.IllegalStateException: Failed to load ApplicationContext
Caused by: org.springframework.beans.factory.UnsatisfiedDependencyException: Error creating bean with name 'personRestControllerV1': Unsatisfied dependency expressed through field 'personService'; nested exception is org.springframework.beans.factory.UnsatisfiedDependencyException: Error creating bean with name 'personServiceV1Impl': Unsatisfied dependency expressed through field 'personRepository'; nested exception is org.springframework.beans.factory.NoSuchBeanDefinitionException: No qualifying bean of type 'com.example.SpringRestAPI.repository.ObjectRepository<?, ?>' available: expected at least 1 bean which qualifies as autowire candidate. Dependency annotations: {@org.springframework.beans.factory.annotation.Autowired(required=true)}
Caused by: org.springframework.beans.factory.UnsatisfiedDependencyException: Error creating bean with name 'personServiceV1Impl': Unsatisfied dependency expressed through field 'personRepository'; nested exception is org.springframework.beans.factory.NoSuchBeanDefinitionException: No qualifying bean of type 'com.example.SpringRestAPI.repository.ObjectRepository<?, ?>' available: expected at least 1 bean which qualifies as autowire candidate. Dependency annotations: {@org.springframework.beans.factory.annotation.Autowired(required=true)}
Caused by: org.springframework.beans.factory.NoSuchBeanDefinitionException: No qualifying bean of type 'com.example.SpringRestAPI.repository.ObjectRepository<?, ?>' available: expected at least 1 bean which qualifies as autowire candidate. Dependency annotations: {@org.springframework.beans.factory.annotation.Autowired(required=true)}

